<?xml version="1.0" encoding="UTF-8"?>
<!-- Generated by org.testng.reporters.JUnitReportReporter -->
<testsuite hostname="ATMECSINDT-004" failures="0" tests="1" name="com.test.TestNGBasics2" time="0.004" errors="0" timestamp="24 Apr 2019 11:01:44 GMT" skipped="0">
  <testcase classname="com.test.TestNGBasics2" name="googleTitleTest" time="0.004"/>
</testsuite> <!-- com.test.TestNGBasics2 -->
